<?xml version="1.0" encoding="UTF-8"?>
<!-- Generated by org.testng.reporters.JUnitXMLReporter -->
<testsuite ignored="0" hostname="ZSCHN01LP0024" failures="0" tests="4" name="Default test" time="12.913" errors="0" timestamp="01 Sep 2023 06:50:19 GMT">
  <testcase classname="com.opencart.testscripts.HomePageTest" name="titleTest" time="0.014"/>
  <testcase classname="com.opencart.testscripts.HomePageTest" name="urlTest" time="0.001"/>
  <testcase classname="com.opencart.testscripts.HomePageTest" name="selectionTest" time="0.644"/>
  <testcase classname="com.opencart.testscripts.HomePageTest" name="itemList" time="0.143"/>
</testsuite> <!-- Default test -->
