<?xml version="1.0" encoding="UTF-8"?>
<!-- Generated by org.testng.reporters.JUnitXMLReporter -->
<testsuite ignored="2" hostname="ZSCHN01LP0024" failures="1" tests="2" name="Test" time="8.615" errors="0" timestamp="24 Aug 2023 13:20:20 GMT">
  <testcase classname="com.opencart.testscripts.HomePageTest" name="titleTest" time="0.013"/>
  <testcase classname="com.opencart.testscripts.LoginPageTest" name="titleTest" time="0.001">
    <failure type="java.lang.NullPointerException" message="Cannot invoke &amp;quot;com.opencart.pages.HomePage.navigatetoLogin()&amp;quot; because &amp;quot;this.home&amp;quot; is null">
      <![CDATA[java.lang.NullPointerException: Cannot invoke "com.opencart.pages.HomePage.navigatetoLogin()" because "this.home" is null
at com.opencart.testscripts.LoginPageTest.titleTest(LoginPageTest.java:12)
... Removed 25 stack frames]]>
    </failure>
  </testcase> <!-- titleTest -->
  <testcase classname="com.opencart.testbase.CaseTestBase" name="@BeforeTest setup" time="0.0">
    <ignored/>
  </testcase> <!-- @BeforeTest setup -->
  <testcase classname="com.opencart.testbase.CaseTestBase" name="@AfterTest tear" time="0.0">
    <ignored/>
  </testcase> <!-- @AfterTest tear -->
</testsuite> <!-- Test -->
