<?xml version="1.0" encoding="UTF-8"?>
<!-- Generated by org.testng.reporters.JUnitXMLReporter -->
<testsuite ignored="0" hostname="ZSCHN01LP0024" failures="0" tests="7" name="Test4" time="20.713" errors="0" timestamp="01 Sep 2023 09:00:40 GMT">
  <testcase classname="com.opencart.testscripts.CartPageTest" name="titleTest" time="3.846"/>
  <testcase classname="com.opencart.testscripts.CartPageTest" name="quantityTest" time="0.03"/>
  <testcase classname="com.opencart.testscripts.CartPageTest" name="noCouponTest" time="2.126"/>
  <testcase classname="com.opencart.testscripts.CartPageTest" name="noGiftTest" time="0.428"/>
  <testcase classname="com.opencart.testscripts.CartPageTest" name="invalidCoupon" time="0.146"/>
  <testcase classname="com.opencart.testscripts.CartPageTest" name="invalidGift" time="1.916"/>
  <testcase classname="com.opencart.testscripts.CartPageTest" name="chekoutTest" time="0.008"/>
</testsuite> <!-- Test4 -->
