<?xml version="1.0" encoding="UTF-8"?>
<!-- Generated by org.testng.reporters.JUnitXMLReporter -->
<testsuite ignored="0" hostname="ZSCHN01LP0024" failures="0" tests="3" name="Test2" time="9.978" errors="0" timestamp="01 Sep 2023 09:00:09 GMT">
  <testcase classname="com.opencart.testscripts.LoginPageTest" name="titleTest" time="0.851"/>
  <testcase classname="com.opencart.testscripts.LoginPageTest" name="linkTest" time="2.025"/>
  <testcase classname="com.opencart.testscripts.LoginPageTest" name="credentials" time="1.246"/>
</testsuite> <!-- Test2 -->
