<?xml version="1.0" encoding="UTF-8"?>
<!-- Generated by org.testng.reporters.JUnitXMLReporter -->
<testsuite ignored="0" hostname="ZSCHN01LP0024" failures="0" tests="4" name="Test1" time="10.964" errors="0" timestamp="01 Sep 2023 08:59:58 GMT">
  <testcase classname="com.opencart.testscripts.HomePageTest" name="titleTest" time="0.025"/>
  <testcase classname="com.opencart.testscripts.HomePageTest" name="urlTest" time="0.003"/>
  <testcase classname="com.opencart.testscripts.HomePageTest" name="selectionTest" time="0.735"/>
  <testcase classname="com.opencart.testscripts.HomePageTest" name="itemList" time="0.053"/>
</testsuite> <!-- Test1 -->
