<?xml version="1.0" encoding="UTF-8"?>
<!-- Generated by org.testng.reporters.JUnitXMLReporter -->
<testsuite ignored="0" hostname="ZSCHN01LP0024" failures="0" tests="7" name="Test4" time="13.375" errors="0" timestamp="29 Aug 2023 07:13:21 GMT">
  <testcase classname="com.opencart.testscripts.CartPageTest" name="titleTest" time="2.696"/>
  <testcase classname="com.opencart.testscripts.CartPageTest" name="quantityTest" time="0.034"/>
  <testcase classname="com.opencart.testscripts.CartPageTest" name="noCouponTest" time="2.129"/>
  <testcase classname="com.opencart.testscripts.CartPageTest" name="noGiftTest" time="0.436"/>
  <testcase classname="com.opencart.testscripts.CartPageTest" name="invalidCoupon" time="0.161"/>
  <testcase classname="com.opencart.testscripts.CartPageTest" name="invalidGift" time="1.541"/>
  <testcase classname="com.opencart.testscripts.CartPageTest" name="chekoutTest" time="0.003"/>
</testsuite> <!-- Test4 -->
