<?xml version="1.0" encoding="UTF-8"?>
<!-- Generated by org.testng.reporters.JUnitXMLReporter -->
<testsuite ignored="0" hostname="ZSCHN01LP0024" failures="0" tests="3" name="Test2" time="8.646" errors="0" timestamp="29 Aug 2023 07:12:50 GMT">
  <testcase classname="com.opencart.testscripts.LoginPageTest" name="titleTest" time="0.635"/>
  <testcase classname="com.opencart.testscripts.LoginPageTest" name="linkTest" time="2.032"/>
  <testcase classname="com.opencart.testscripts.LoginPageTest" name="credentials" time="0.925"/>
</testsuite> <!-- Test2 -->
