<?xml version="1.0" encoding="UTF-8"?>
<!-- Generated by org.testng.reporters.JUnitXMLReporter -->
<testsuite ignored="0" hostname="ZSCHN01LP0024" failures="0" tests="6" name="Test3" time="18.277" errors="0" timestamp="29 Aug 2023 07:13:08 GMT">
  <testcase classname="com.opencart.testscripts.ProductPageTest" name="selectTest" time="4.447"/>
  <testcase classname="com.opencart.testscripts.ProductPageTest" name="priceTest" time="0.004"/>
  <testcase classname="com.opencart.testscripts.ProductPageTest" name="quantityTest" time="0.008"/>
  <testcase classname="com.opencart.testscripts.ProductPageTest" name="headingTest" time="0.003"/>
  <testcase classname="com.opencart.testscripts.ProductPageTest" name="addTest" time="0.043"/>
  <testcase classname="com.opencart.testscripts.ProductPageTest" name="viewcartTest" time="0.049"/>
</testsuite> <!-- Test3 -->
