<?xml version="1.0" encoding="UTF-8"?>
<!-- Generated by org.testng.reporters.JUnitXMLReporter -->
<testsuite ignored="0" hostname="ZSCHN01LP0024" failures="0" tests="4" name="Test1" time="13.228" errors="0" timestamp="29 Aug 2023 07:12:41 GMT">
  <testcase classname="com.opencart.testscripts.HomePageTest" name="titleTest" time="0.015"/>
  <testcase classname="com.opencart.testscripts.HomePageTest" name="urlTest" time="0.001"/>
  <testcase classname="com.opencart.testscripts.HomePageTest" name="selectionTest" time="0.645"/>
  <testcase classname="com.opencart.testscripts.HomePageTest" name="itemList" time="0.055"/>
</testsuite> <!-- Test1 -->
