<?xml version="1.0" encoding="UTF-8"?>
<testsuite xmlns:xsi="http://www.w3.org/2001/XMLSchema-instance" xsi:noNamespaceSchemaLocation="https://maven.apache.org/surefire/maven-surefire-plugin/xsd/surefire-test-report-3.0.xsd" version="3.0" name="TestSuite" time="54.534" tests="20" errors="0" skipped="0" failures="0">
  <properties>
[...]
</properties>
  <testcase name="titleTest" classname="com.opencart.testscripts.HomePageTest" time="0.017">
    <system-out><![CDATA[[TestNGContentHandler] [WARN] It is strongly recommended to add "<!DOCTYPE suite SYSTEM "http://testng.org/testng-1.0.dtd" >" at the top of your file, otherwise TestNG may fail or not work as expected.
Your Store
]]></system-out>
  </testcase>
  <testcase name="urlTest" classname="com.opencart.testscripts.HomePageTest" time="0.002">
    <system-out><![CDATA[https://naveenautomationlabs.com/opencart/
]]></system-out>
  </testcase>
  <testcase name="selectionTest" classname="com.opencart.testscripts.HomePageTest" time="0.64"/>
  <testcase name="itemList" classname="com.opencart.testscripts.HomePageTest" time="0.055"/>
  <testcase name="titleTest" classname="com.opencart.testscripts.LoginPageTest" time="0.636"/>
  <testcase name="linkTest" classname="com.opencart.testscripts.LoginPageTest" time="2.031"/>
  <testcase name="credentials" classname="com.opencart.testscripts.LoginPageTest" time="0.924"/>
  <testcase name="selectTest" classname="com.opencart.testscripts.ProductPageTest" time="4.447"/>
  <testcase name="priceTest" classname="com.opencart.testscripts.ProductPageTest" time="0.005"/>
  <testcase name="quantityTest" classname="com.opencart.testscripts.ProductPageTest" time="0.008"/>
  <testcase name="headingTest" classname="com.opencart.testscripts.ProductPageTest" time="0.004"/>
  <testcase name="addTest" classname="com.opencart.testscripts.ProductPageTest" time="0.043"/>
  <testcase name="viewcartTest" classname="com.opencart.testscripts.ProductPageTest" time="0.049"/>
  <testcase name="titleTest" classname="com.opencart.testscripts.CartPageTest" time="2.695"/>
  <testcase name="quantityTest" classname="com.opencart.testscripts.CartPageTest" time="0.033"/>
  <testcase name="noCouponTest" classname="com.opencart.testscripts.CartPageTest" time="2.13"/>
  <testcase name="noGiftTest" classname="com.opencart.testscripts.CartPageTest" time="0.436"/>
  <testcase name="invalidCoupon" classname="com.opencart.testscripts.CartPageTest" time="0.161"/>
  <testcase name="invalidGift" classname="com.opencart.testscripts.CartPageTest" time="1.541"/>
  <testcase name="chekoutTest" classname="com.opencart.testscripts.CartPageTest" time="0.003"/>
</testsuite>