<?xml version="1.0" encoding="UTF-8"?>
<!-- Generated by org.testng.reporters.JUnitReportReporter -->
<testsuite hostname="ZSCHN01LP0024" failures="0" tests="6" name="com.opencart.testscripts.ProductPageTest" time="3.765" errors="0" timestamp="01 Sep 2023 09:00:40 GMT" skipped="0">
  <testcase classname="com.opencart.testscripts.ProductPageTest" name="selectTest" time="3.615"/>
  <testcase classname="com.opencart.testscripts.ProductPageTest" name="priceTest" time="0.009"/>
  <testcase classname="com.opencart.testscripts.ProductPageTest" name="quantityTest" time="0.010"/>
  <testcase classname="com.opencart.testscripts.ProductPageTest" name="headingTest" time="0.009"/>
  <testcase classname="com.opencart.testscripts.ProductPageTest" name="addTest" time="0.055"/>
  <testcase classname="com.opencart.testscripts.ProductPageTest" name="viewcartTest" time="0.067"/>
</testsuite> <!-- com.opencart.testscripts.ProductPageTest -->
